Using pre-set license
Built from '2021.3/staging' branch; Version is '2021.3.45f1 (0da89fac8e79) revision 895135'; Using compiler version '192829333'; Build Type 'Release'
OS: 'Windows 11  (10.0.22631) 64bit Professional' Language: 'en' Physical Memory: 20187 MB
BatchMode: 1, IsHumanControllingUs: 0, StartBugReporterOnCrash: 0, Is64bit: 1, IsPro: 1

COMMAND LINE ARGUMENTS:
C:\Program Files\Unity\Hub\Editor\2021.3.45f1\Editor\Unity.exe
-adb2
-batchMode
-noUpm
-name
AssetImportWorker5
-projectPath
C:/Users/bertr/TPA_Game
-logFile
Logs/AssetImportWorker5.log
-srvPort
64257
Successfully changed project path to: C:/Users/bertr/TPA_Game
C:/Users/bertr/TPA_Game
[UnityMemory] Configuration Parameters - Can be set up in boot.config
    "memorysetup-bucket-allocator-granularity=16"
    "memorysetup-bucket-allocator-bucket-count=8"
    "memorysetup-bucket-allocator-block-size=33554432"
    "memorysetup-bucket-allocator-block-count=8"
    "memorysetup-main-allocator-block-size=16777216"
    "memorysetup-thread-allocator-block-size=16777216"
    "memorysetup-gfx-main-allocator-block-size=16777216"
    "memorysetup-gfx-thread-allocator-block-size=16777216"
    "memorysetup-cache-allocator-block-size=4194304"
    "memorysetup-typetree-allocator-block-size=2097152"
    "memorysetup-profiler-bucket-allocator-granularity=16"
    "memorysetup-profiler-bucket-allocator-bucket-count=8"
    "memorysetup-profiler-bucket-allocator-block-size=33554432"
    "memorysetup-profiler-bucket-allocator-block-count=8"
    "memorysetup-profiler-allocator-block-size=16777216"
    "memorysetup-profiler-editor-allocator-block-size=1048576"
    "memorysetup-temp-allocator-size-main=16777216"
    "memorysetup-job-temp-allocator-block-size=2097152"
    "memorysetup-job-temp-allocator-block-size-background=1048576"
    "memorysetup-job-temp-allocator-reduction-small-platforms=262144"
    "memorysetup-temp-allocator-size-background-worker=32768"
    "memorysetup-temp-allocator-size-job-worker=262144"
    "memorysetup-temp-allocator-size-preload-manager=33554432"
    "memorysetup-temp-allocator-size-nav-mesh-worker=65536"
    "memorysetup-temp-allocator-size-audio-worker=65536"
    "memorysetup-temp-allocator-size-cloud-worker=32768"
    "memorysetup-temp-allocator-size-gi-baking-worker=262144"
    "memorysetup-temp-allocator-size-gfx=262144"
Player connection [59312] Host "[IP] 192.168.91.1 [Port] 0 [Flags] 2 [Guid] 1741180737 [EditorId] 1741180737 [Version] 1048832 [Id] WindowsEditor(7,LOQ) [Debug] 1 [PackageName] WindowsEditor [ProjectName] Editor" joined multi-casting on [225.0.0.222:54997]...

Player connection [59312] Host "[IP] 192.168.91.1 [Port] 0 [Flags] 2 [Guid] 1741180737 [EditorId] 1741180737 [Version] 1048832 [Id] WindowsEditor(7,LOQ) [Debug] 1 [PackageName] WindowsEditor [ProjectName] Editor" joined alternative multi-casting on [225.0.0.222:34997]...

[Physics::Module] Initialized MultithreadedJobDispatcher with {0} workers.
Refreshing native plugins compatible for Editor in 44.25 ms, found 3 plugins.
Preloading 0 native plugins for Editor in 0.00 ms.
Initialize engine version: 2021.3.45f1 (0da89fac8e79)
[Subsystems] Discovering subsystems at path C:/Program Files/Unity/Hub/Editor/2021.3.45f1/Editor/Data/Resources/UnitySubsystems
[Subsystems] Discovering subsystems at path C:/Users/bertr/TPA_Game/Assets
GfxDevice: creating device client; threaded=0; jobified=0
Direct3D:
    Version:  Direct3D 11.0 [level 11.1]
    Renderer: NVIDIA GeForce RTX 3050 6GB Laptop GPU (ID=0x25ec)
    Vendor:   NVIDIA
    VRAM:     6002 MB
    Driver:   32.0.15.5599
Initialize mono
Mono path[0] = 'C:/Program Files/Unity/Hub/Editor/2021.3.45f1/Editor/Data/Managed'
Mono path[1] = 'C:/Program Files/Unity/Hub/Editor/2021.3.45f1/Editor/Data/MonoBleedingEdge/lib/mono/unityjit-win32'
Mono config path = 'C:/Program Files/Unity/Hub/Editor/2021.3.45f1/Editor/Data/MonoBleedingEdge/etc'
Using monoOptions --debugger-agent=transport=dt_socket,embedding=1,server=y,suspend=n,address=127.0.0.1:56416
Begin MonoManager ReloadAssembly
Registering precompiled unity dll's ...
Register platform support module: C:/Program Files/Unity/Hub/Editor/2021.3.45f1/Editor/Data/PlaybackEngines/WindowsStandaloneSupport/UnityEditor.WindowsStandalone.Extensions.dll
Registered in 0.003843 seconds.
Native extension for WindowsStandalone target not found
Refreshing native plugins compatible for Editor in 40.62 ms, found 3 plugins.
Preloading 0 native plugins for Editor in 0.00 ms.
Mono: successfully reloaded assembly
- Completed reload, in  0.553 seconds
Domain Reload Profiling:
	ReloadAssembly (553ms)
		BeginReloadAssembly (139ms)
			ExecutionOrderSort (0ms)
			DisableScriptedObjects (0ms)
			BackupInstance (0ms)
			ReleaseScriptingObjects (0ms)
			CreateAndSetChildDomain (1ms)
		EndReloadAssembly (341ms)
			LoadAssemblies (135ms)
			RebuildTransferFunctionScriptingTraits (0ms)
			SetupTypeCache (83ms)
			ReleaseScriptCaches (0ms)
			RebuildScriptCaches (22ms)
			SetupLoadedEditorAssemblies (203ms)
				LogAssemblyErrors (0ms)
				InitializePlatformSupportModulesInManaged (6ms)
				SetLoadedEditorAssemblies (0ms)
				RefreshPlugins (41ms)
				BeforeProcessingInitializeOnLoad (1ms)
				ProcessInitializeOnLoadAttributes (104ms)
				ProcessInitializeOnLoadMethodAttributes (51ms)
				AfterProcessingInitializeOnLoad (0ms)
				EditorAssembliesLoaded (0ms)
			ExecutionOrderSort2 (0ms)
			AwakeInstancesAfterBackupRestoration (0ms)
Platform modules already initialized, skipping
Registering precompiled user dll's ...
Registered in 2.163041 seconds.
Begin MonoManager ReloadAssembly
Native extension for WindowsStandalone target not found
Refreshing native plugins compatible for Editor in 0.63 ms, found 3 plugins.
Preloading 0 native plugins for Editor in 0.00 ms.
Package Manager log level set to [2]
[Package Manager] Server::EnsureServerProcessIsRunning -- launch failed, reason: Unity was launched with the -noUpm command-line argument
[Package Manager] Cannot connect to Unity Package Manager local server
Mono: successfully reloaded assembly
- Completed reload, in  1.212 seconds
Domain Reload Profiling:
	ReloadAssembly (1213ms)
		BeginReloadAssembly (130ms)
			ExecutionOrderSort (0ms)
			DisableScriptedObjects (4ms)
			BackupInstance (0ms)
			ReleaseScriptingObjects (0ms)
			CreateAndSetChildDomain (16ms)
		EndReloadAssembly (1000ms)
			LoadAssemblies (128ms)
			RebuildTransferFunctionScriptingTraits (0ms)
			SetupTypeCache (190ms)
			ReleaseScriptCaches (0ms)
			RebuildScriptCaches (37ms)
			SetupLoadedEditorAssemblies (667ms)
				LogAssemblyErrors (0ms)
				InitializePlatformSupportModulesInManaged (4ms)
				SetLoadedEditorAssemblies (0ms)
				RefreshPlugins (1ms)
				BeforeProcessingInitializeOnLoad (41ms)
				ProcessInitializeOnLoadAttributes (599ms)
				ProcessInitializeOnLoadMethodAttributes (16ms)
				AfterProcessingInitializeOnLoad (5ms)
				EditorAssembliesLoaded (0ms)
			ExecutionOrderSort2 (0ms)
			AwakeInstancesAfterBackupRestoration (5ms)
Platform modules already initialized, skipping
========================================================================
Worker process is ready to serve import requests
Launched and connected shader compiler UnityShaderCompiler.exe after 0.11 seconds
Refreshing native plugins compatible for Editor in 0.70 ms, found 3 plugins.
Preloading 0 native plugins for Editor in 0.00 ms.
Unloading 3109 Unused Serialized files (Serialized files now loaded: 0)
Unloading 24 unused Assets / (46.5 KB). Loaded Objects now: 3570.
Memory consumption went from 111.9 MB to 111.9 MB.
Total: 2.702800 ms (FindLiveObjects: 0.189000 ms CreateObjectMapping: 0.061200 ms MarkObjects: 2.015800 ms  DeleteObjects: 0.435400 ms)

AssetImportParameters requested are different than current active one (requested -> active):
  custom:video-decoder-ogg-theora: a1e56fd34408186e4bbccfd4996cb3dc -> 
  custom:container-muxer-webm: aa71ff27fc2769a1b78a27578f13a17b -> 
  custom:container-demuxer-webm: 4f35f7cbe854078d1ac9338744f61a02 -> 
  custom:video-encoder-webm-vp8: eb34c28f22e8b96e1ab97ce403110664 -> 
  custom:video-codec-MediaFoundation-h265: 746d11721c4dcdbdad8f713fa42b33f4 -> 
  custom:CustomObjectIndexerAttribute: bc11b3a6c3213fcdd17b65e7da85e133 -> 
  custom:audio-encoder-webm-vorbis: bf7c407c2cedff20999df2af8eb42d56 -> 
  custom:framework-win-MediaFoundation: 216162199b28c13a410421893ffa2e32 -> 
  custom:SearchIndexIgnoredProperties: e643bd26f0fe6173181afceb89e7c659 -> 
  custom:container-demuxer-ogg: 62fdf1f143b41e24485cea50d1cbac27 -> 
  custom:video-decoder-webm-vp8: 9c59270c3fd7afecdb556c50c9e8de78 -> 
  custom:audio-decoder-ogg-vorbis: bf7c407c2cedff20999df2af8eb42d56 -> 
========================================================================
Received Import Request.
  Time since last request: 663513.607296 seconds.
  path: Assets/Blink/Art/Animations/Animations_Starter_Pack/Combat/CastingLoop.fbx
  artifactKey: Guid(d6557ad5f7261ce4c8fe9f8f67c9d4cd) Importer(815301076,1909f56bfc062723c751e8b465ee728b)
Number of updated assets reloaded before import = 0
Start importing Assets/Blink/Art/Animations/Animations_Starter_Pack/Combat/CastingLoop.fbx using Guid(d6557ad5f7261ce4c8fe9f8f67c9d4cd) Importer(815301076,1909f56bfc062723c751e8b465ee728b)  -> (artifact id: '2b89019a51bb1345d4c1f754e2fb14d9') in 0.099059 seconds 
Number of asset objects unloaded after import = 180
========================================================================
Received Import Request.
  Time since last request: 0.000024 seconds.
  path: Assets/Blink/Art/Animations/Animations_Starter_Pack/Combat/PunchLeft.fbx
  artifactKey: Guid(d193a764e528253418a9c8161269688c) Importer(815301076,1909f56bfc062723c751e8b465ee728b)
Number of updated assets reloaded before import = 0
Start importing Assets/Blink/Art/Animations/Animations_Starter_Pack/Combat/PunchLeft.fbx using Guid(d193a764e528253418a9c8161269688c) Importer(815301076,1909f56bfc062723c751e8b465ee728b)  -> (artifact id: '0258547a436f0b6bd828af4113272963') in 0.033082 seconds 
Number of asset objects unloaded after import = 180
========================================================================
Received Import Request.
  Time since last request: 958.694654 seconds.
  path: Assets/Scripts/States/Player/PlayerStateMachine.cs
  artifactKey: Guid(ea35c16a62dc1d94aa2d1f68fed07f57) Importer(2089858483,0ecaa5967403d082aa24f35e1b516d23)
Number of updated assets reloaded before import = 0
Start importing Assets/Scripts/States/Player/PlayerStateMachine.cs using Guid(ea35c16a62dc1d94aa2d1f68fed07f57) Importer(2089858483,0ecaa5967403d082aa24f35e1b516d23)  -> (artifact id: 'abc5de3e92a9e480f8405a83eade7b24') in 0.428081 seconds 
Number of asset objects unloaded after import = 0
========================================================================
Received Prepare
Registering precompiled user dll's ...
Registered in 0.008693 seconds.
Begin MonoManager ReloadAssembly
Native extension for WindowsStandalone target not found
Refreshing native plugins compatible for Editor in 0.73 ms, found 3 plugins.
Preloading 0 native plugins for Editor in 0.00 ms.
[Package Manager] Server::EnsureServerProcessIsRunning -- launch failed, reason: Unity was launched with the -noUpm command-line argument
[Package Manager] Cannot connect to Unity Package Manager local server
Mono: successfully reloaded assembly
- Completed reload, in  2.024 seconds
Domain Reload Profiling:
	ReloadAssembly (2025ms)
		BeginReloadAssembly (283ms)
			ExecutionOrderSort (0ms)
			DisableScriptedObjects (10ms)
			BackupInstance (0ms)
			ReleaseScriptingObjects (0ms)
			CreateAndSetChildDomain (75ms)
		EndReloadAssembly (1584ms)
			LoadAssemblies (172ms)
			RebuildTransferFunctionScriptingTraits (0ms)
			SetupTypeCache (362ms)
			ReleaseScriptCaches (2ms)
			RebuildScriptCaches (59ms)
			SetupLoadedEditorAssemblies (980ms)
				LogAssemblyErrors (0ms)
				InitializePlatformSupportModulesInManaged (9ms)
				SetLoadedEditorAssemblies (1ms)
				RefreshPlugins (1ms)
				BeforeProcessingInitializeOnLoad (85ms)
				ProcessInitializeOnLoadAttributes (836ms)
				ProcessInitializeOnLoadMethodAttributes (31ms)
				AfterProcessingInitializeOnLoad (17ms)
				EditorAssembliesLoaded (0ms)
			ExecutionOrderSort2 (0ms)
			AwakeInstancesAfterBackupRestoration (12ms)
Platform modules already initialized, skipping
Refreshing native plugins compatible for Editor in 0.62 ms, found 3 plugins.
Preloading 0 native plugins for Editor in 0.00 ms.
Unloading 3089 Unused Serialized files (Serialized files now loaded: 0)
Unloading 20 unused Assets / (21.9 KB). Loaded Objects now: 3574.
Memory consumption went from 110.1 MB to 110.1 MB.
Total: 4.278600 ms (FindLiveObjects: 0.291800 ms CreateObjectMapping: 0.172800 ms MarkObjects: 3.768200 ms  DeleteObjects: 0.044400 ms)

AssetImportParameters requested are different than current active one (requested -> active):
  custom:video-decoder-ogg-theora: a1e56fd34408186e4bbccfd4996cb3dc -> 
  custom:container-muxer-webm: aa71ff27fc2769a1b78a27578f13a17b -> 
  custom:container-demuxer-webm: 4f35f7cbe854078d1ac9338744f61a02 -> 
  custom:video-encoder-webm-vp8: eb34c28f22e8b96e1ab97ce403110664 -> 
  custom:video-codec-MediaFoundation-h265: 746d11721c4dcdbdad8f713fa42b33f4 -> 
  custom:CustomObjectIndexerAttribute: bc11b3a6c3213fcdd17b65e7da85e133 -> 
  custom:audio-encoder-webm-vorbis: bf7c407c2cedff20999df2af8eb42d56 -> 
  custom:framework-win-MediaFoundation: 216162199b28c13a410421893ffa2e32 -> 
  custom:SearchIndexIgnoredProperties: e643bd26f0fe6173181afceb89e7c659 -> 
  custom:container-demuxer-ogg: 62fdf1f143b41e24485cea50d1cbac27 -> 
  custom:video-decoder-webm-vp8: 9c59270c3fd7afecdb556c50c9e8de78 -> 
  custom:audio-decoder-ogg-vorbis: bf7c407c2cedff20999df2af8eb42d56 -> 
========================================================================
Received Prepare
Registering precompiled user dll's ...
Registered in 0.004245 seconds.
Begin MonoManager ReloadAssembly
Native extension for WindowsStandalone target not found
Refreshing native plugins compatible for Editor in 0.60 ms, found 3 plugins.
Preloading 0 native plugins for Editor in 0.00 ms.
[Package Manager] Server::EnsureServerProcessIsRunning -- launch failed, reason: Unity was launched with the -noUpm command-line argument
[Package Manager] Cannot connect to Unity Package Manager local server
Mono: successfully reloaded assembly
- Completed reload, in  1.131 seconds
Domain Reload Profiling:
	ReloadAssembly (1131ms)
		BeginReloadAssembly (119ms)
			ExecutionOrderSort (0ms)
			DisableScriptedObjects (4ms)
			BackupInstance (0ms)
			ReleaseScriptingObjects (0ms)
			CreateAndSetChildDomain (29ms)
		EndReloadAssembly (949ms)
			LoadAssemblies (76ms)
			RebuildTransferFunctionScriptingTraits (0ms)
			SetupTypeCache (176ms)
			ReleaseScriptCaches (1ms)
			RebuildScriptCaches (36ms)
			SetupLoadedEditorAssemblies (644ms)
				LogAssemblyErrors (0ms)
				InitializePlatformSupportModulesInManaged (4ms)
				SetLoadedEditorAssemblies (1ms)
				RefreshPlugins (1ms)
				BeforeProcessingInitializeOnLoad (44ms)
				ProcessInitializeOnLoadAttributes (573ms)
				ProcessInitializeOnLoadMethodAttributes (16ms)
				AfterProcessingInitializeOnLoad (5ms)
				EditorAssembliesLoaded (0ms)
			ExecutionOrderSort2 (0ms)
			AwakeInstancesAfterBackupRestoration (4ms)
Platform modules already initialized, skipping
Refreshing native plugins compatible for Editor in 0.51 ms, found 3 plugins.
Preloading 0 native plugins for Editor in 0.00 ms.
Unloading 3089 Unused Serialized files (Serialized files now loaded: 0)
Unloading 19 unused Assets / (22.0 KB). Loaded Objects now: 3577.
Memory consumption went from 110.1 MB to 110.1 MB.
Total: 2.172100 ms (FindLiveObjects: 0.179000 ms CreateObjectMapping: 0.063800 ms MarkObjects: 1.899000 ms  DeleteObjects: 0.029400 ms)

AssetImportParameters requested are different than current active one (requested -> active):
  custom:video-decoder-ogg-theora: a1e56fd34408186e4bbccfd4996cb3dc -> 
  custom:container-muxer-webm: aa71ff27fc2769a1b78a27578f13a17b -> 
  custom:container-demuxer-webm: 4f35f7cbe854078d1ac9338744f61a02 -> 
  custom:video-encoder-webm-vp8: eb34c28f22e8b96e1ab97ce403110664 -> 
  custom:video-codec-MediaFoundation-h265: 746d11721c4dcdbdad8f713fa42b33f4 -> 
  custom:CustomObjectIndexerAttribute: bc11b3a6c3213fcdd17b65e7da85e133 -> 
  custom:audio-encoder-webm-vorbis: bf7c407c2cedff20999df2af8eb42d56 -> 
  custom:framework-win-MediaFoundation: 216162199b28c13a410421893ffa2e32 -> 
  custom:SearchIndexIgnoredProperties: e643bd26f0fe6173181afceb89e7c659 -> 
  custom:container-demuxer-ogg: 62fdf1f143b41e24485cea50d1cbac27 -> 
  custom:video-decoder-webm-vp8: 9c59270c3fd7afecdb556c50c9e8de78 -> 
  custom:audio-decoder-ogg-vorbis: bf7c407c2cedff20999df2af8eb42d56 -> 
========================================================================
Received Import Request.
  Time since last request: 647.595693 seconds.
  path: Assets/Blink/Art/Animations/Animations_Starter_Pack/Gathering/MiningLoop.fbx
  artifactKey: Guid(10fa50c59af8fd440a0348904414802a) Importer(815301076,1909f56bfc062723c751e8b465ee728b)
Number of updated assets reloaded before import = 0
Start importing Assets/Blink/Art/Animations/Animations_Starter_Pack/Gathering/MiningLoop.fbx using Guid(10fa50c59af8fd440a0348904414802a) Importer(815301076,1909f56bfc062723c751e8b465ee728b)  -> (artifact id: 'ff05da6fe8d957a0be29bf66dcb6572e') in 0.053398 seconds 
Number of asset objects unloaded after import = 182
========================================================================
Received Import Request.
  Time since last request: 1.590520 seconds.
  path: Assets/Blink/Art/Animations/Animations_Starter_Pack/Movement/Idle.fbx
  artifactKey: Guid(c346a9e2503cda64ba4698db6aa5e707) Importer(815301076,1909f56bfc062723c751e8b465ee728b)
Number of updated assets reloaded before import = 0
Start importing Assets/Blink/Art/Animations/Animations_Starter_Pack/Movement/Idle.fbx using Guid(c346a9e2503cda64ba4698db6aa5e707) Importer(815301076,1909f56bfc062723c751e8b465ee728b)  -> (artifact id: 'b422d3b8a0e9808a3ea5293d4e9e2f6e') in 0.025873 seconds 
Number of asset objects unloaded after import = 180
========================================================================
Received Import Request.
  Time since last request: 0.011779 seconds.
  path: Assets/Blink/Art/Animations/Animations_Starter_Pack/Movement/Jumps.fbx
  artifactKey: Guid(ab54d1b34370dbe4d896efebb96535ef) Importer(815301076,1909f56bfc062723c751e8b465ee728b)
Number of updated assets reloaded before import = 0
Start importing Assets/Blink/Art/Animations/Animations_Starter_Pack/Movement/Jumps.fbx using Guid(ab54d1b34370dbe4d896efebb96535ef) Importer(815301076,1909f56bfc062723c751e8b465ee728b)  -> (artifact id: '51b468484ea232f684b37126e92b8458') in 0.043536 seconds 
Number of asset objects unloaded after import = 182
========================================================================
Received Import Request.
  Time since last request: 0.000019 seconds.
  path: Assets/Blink/Art/Animations/Animations_Starter_Pack/Movement/RunRight.fbx
  artifactKey: Guid(5120a970404f418419c83af871d9a022) Importer(815301076,1909f56bfc062723c751e8b465ee728b)
Number of updated assets reloaded before import = 0
Start importing Assets/Blink/Art/Animations/Animations_Starter_Pack/Movement/RunRight.fbx using Guid(5120a970404f418419c83af871d9a022) Importer(815301076,1909f56bfc062723c751e8b465ee728b)  -> (artifact id: '6e483b020afca7a77b2004b0383414f4') in 0.034721 seconds 
Number of asset objects unloaded after import = 180
========================================================================
Received Import Request.
  Time since last request: 0.000067 seconds.
  path: Assets/Blink/Art/Animations/Animations_Starter_Pack/Movement/Sprint.fbx
  artifactKey: Guid(dcacd08f98af5794db5b56a6a66048e7) Importer(815301076,1909f56bfc062723c751e8b465ee728b)
Number of updated assets reloaded before import = 0
Start importing Assets/Blink/Art/Animations/Animations_Starter_Pack/Movement/Sprint.fbx using Guid(dcacd08f98af5794db5b56a6a66048e7) Importer(815301076,1909f56bfc062723c751e8b465ee728b)  -> (artifact id: 'c8e7b40810d199b60d465b4e22ad5bf5') in 0.048267 seconds 
Number of asset objects unloaded after import = 178
========================================================================
Received Import Request.
  Time since last request: 0.000027 seconds.
  path: Assets/Blink/Art/Animations/Animations_Starter_Pack/Movement/RunBackwardRight.fbx
  artifactKey: Guid(4d66907684f47e542ab56147b39501fa) Importer(815301076,1909f56bfc062723c751e8b465ee728b)
Number of updated assets reloaded before import = 0
Start importing Assets/Blink/Art/Animations/Animations_Starter_Pack/Movement/RunBackwardRight.fbx using Guid(4d66907684f47e542ab56147b39501fa) Importer(815301076,1909f56bfc062723c751e8b465ee728b)  -> (artifact id: '832a869ffeb0c2703066521539809c0d') in 0.055458 seconds 
Number of asset objects unloaded after import = 180
========================================================================
Received Import Request.
  Time since last request: 0.000049 seconds.
  path: Assets/Blink/Art/Animations/Animations_Starter_Pack/Movement/RollForward.fbx
  artifactKey: Guid(5fad9ecdaa1678b408a01f37c5ca69e8) Importer(815301076,1909f56bfc062723c751e8b465ee728b)
Number of updated assets reloaded before import = 0
Start importing Assets/Blink/Art/Animations/Animations_Starter_Pack/Movement/RollForward.fbx using Guid(5fad9ecdaa1678b408a01f37c5ca69e8) Importer(815301076,1909f56bfc062723c751e8b465ee728b)  -> (artifact id: 'a18960e57c795e5efeb47bbc73b353f7') in 0.034982 seconds 
Number of asset objects unloaded after import = 180
========================================================================
Received Import Request.
  Time since last request: 0.000018 seconds.
  path: Assets/Blink/Art/Animations/Animations_Starter_Pack/Movement/RunForward.fbx
  artifactKey: Guid(081930da5e255e348940373200bbeaca) Importer(815301076,1909f56bfc062723c751e8b465ee728b)
Number of updated assets reloaded before import = 0
Start importing Assets/Blink/Art/Animations/Animations_Starter_Pack/Movement/RunForward.fbx using Guid(081930da5e255e348940373200bbeaca) Importer(815301076,1909f56bfc062723c751e8b465ee728b)  -> (artifact id: '59b128db2c613784707a6ebc0ffd80d4') in 0.058845 seconds 
Number of asset objects unloaded after import = 180
========================================================================
Received Import Request.
  Time since last request: 0.000020 seconds.
  path: Assets/Blink/Art/Animations/Animations_Starter_Pack/Movement/RollRight.fbx
  artifactKey: Guid(50e0d5f0490eb5a45b0b5952db236f7d) Importer(815301076,1909f56bfc062723c751e8b465ee728b)
Number of updated assets reloaded before import = 0
Start importing Assets/Blink/Art/Animations/Animations_Starter_Pack/Movement/RollRight.fbx using Guid(50e0d5f0490eb5a45b0b5952db236f7d) Importer(815301076,1909f56bfc062723c751e8b465ee728b)  -> (artifact id: 'fd6ff98c4898eba14db672c7054c680a') in 0.044714 seconds 
Number of asset objects unloaded after import = 180
========================================================================
Received Import Request.
  Time since last request: 0.000032 seconds.
  path: Assets/Blink/Art/Animations/Animations_Starter_Pack/Movement/RollLeft.fbx
  artifactKey: Guid(7593128404f726548964f394a5d15132) Importer(815301076,1909f56bfc062723c751e8b465ee728b)
Number of updated assets reloaded before import = 0
Start importing Assets/Blink/Art/Animations/Animations_Starter_Pack/Movement/RollLeft.fbx using Guid(7593128404f726548964f394a5d15132) Importer(815301076,1909f56bfc062723c751e8b465ee728b)  -> (artifact id: 'b382a4ab6e37ee2eba8238a6b794e308') in 0.052317 seconds 
Number of asset objects unloaded after import = 180
Editor requested this worker to shutdown with reason: Scaling down because of idle timeout
AssetImportWorkerClient::OnTransportError - code=2 error=End of file
AssetImportWorker is now disconnected from the server
Process exiting
Exiting without the bug reporter. Application will terminate with return code 0