Using pre-set license
Built from '2021.3/staging' branch; Version is '2021.3.45f1 (0da89fac8e79) revision 895135'; Using compiler version '192829333'; Build Type 'Release'
OS: 'Windows 11  (10.0.22631) 64bit Professional' Language: 'en' Physical Memory: 20187 MB
BatchMode: 1, IsHumanControllingUs: 0, StartBugReporterOnCrash: 0, Is64bit: 1, IsPro: 1

COMMAND LINE ARGUMENTS:
C:\Program Files\Unity\Hub\Editor\2021.3.45f1\Editor\Unity.exe
-adb2
-batchMode
-noUpm
-name
AssetImportWorker14
-projectPath
C:/Users/bertr/TPA_Game
-logFile
Logs/AssetImportWorker14.log
-srvPort
64472
Successfully changed project path to: C:/Users/bertr/TPA_Game
C:/Users/bertr/TPA_Game
[UnityMemory] Configuration Parameters - Can be set up in boot.config
    "memorysetup-bucket-allocator-granularity=16"
    "memorysetup-bucket-allocator-bucket-count=8"
    "memorysetup-bucket-allocator-block-size=33554432"
    "memorysetup-bucket-allocator-block-count=8"
    "memorysetup-main-allocator-block-size=16777216"
    "memorysetup-thread-allocator-block-size=16777216"
    "memorysetup-gfx-main-allocator-block-size=16777216"
    "memorysetup-gfx-thread-allocator-block-size=16777216"
    "memorysetup-cache-allocator-block-size=4194304"
    "memorysetup-typetree-allocator-block-size=2097152"
    "memorysetup-profiler-bucket-allocator-granularity=16"
    "memorysetup-profiler-bucket-allocator-bucket-count=8"
    "memorysetup-profiler-bucket-allocator-block-size=33554432"
    "memorysetup-profiler-bucket-allocator-block-count=8"
    "memorysetup-profiler-allocator-block-size=16777216"
    "memorysetup-profiler-editor-allocator-block-size=1048576"
    "memorysetup-temp-allocator-size-main=16777216"
    "memorysetup-job-temp-allocator-block-size=2097152"
    "memorysetup-job-temp-allocator-block-size-background=1048576"
    "memorysetup-job-temp-allocator-reduction-small-platforms=262144"
    "memorysetup-temp-allocator-size-background-worker=32768"
    "memorysetup-temp-allocator-size-job-worker=262144"
    "memorysetup-temp-allocator-size-preload-manager=33554432"
    "memorysetup-temp-allocator-size-nav-mesh-worker=65536"
    "memorysetup-temp-allocator-size-audio-worker=65536"
    "memorysetup-temp-allocator-size-cloud-worker=32768"
    "memorysetup-temp-allocator-size-gi-baking-worker=262144"
    "memorysetup-temp-allocator-size-gfx=262144"
Player connection [103528] Host "[IP] 192.168.91.1 [Port] 0 [Flags] 2 [Guid] 1385970268 [EditorId] 1385970268 [Version] 1048832 [Id] WindowsEditor(7,LOQ) [Debug] 1 [PackageName] WindowsEditor [ProjectName] Editor" joined multi-casting on [225.0.0.222:54997]...

Player connection [103528] Host "[IP] 192.168.91.1 [Port] 0 [Flags] 2 [Guid] 1385970268 [EditorId] 1385970268 [Version] 1048832 [Id] WindowsEditor(7,LOQ) [Debug] 1 [PackageName] WindowsEditor [ProjectName] Editor" joined alternative multi-casting on [225.0.0.222:34997]...

[Physics::Module] Initialized MultithreadedJobDispatcher with {0} workers.
Refreshing native plugins compatible for Editor in 49.16 ms, found 3 plugins.
Preloading 0 native plugins for Editor in 0.00 ms.
Initialize engine version: 2021.3.45f1 (0da89fac8e79)
[Subsystems] Discovering subsystems at path C:/Program Files/Unity/Hub/Editor/2021.3.45f1/Editor/Data/Resources/UnitySubsystems
[Subsystems] Discovering subsystems at path C:/Users/bertr/TPA_Game/Assets
GfxDevice: creating device client; threaded=0; jobified=0
Direct3D:
    Version:  Direct3D 11.0 [level 11.1]
    Renderer: NVIDIA GeForce RTX 3050 6GB Laptop GPU (ID=0x25ec)
    Vendor:   NVIDIA
    VRAM:     6002 MB
    Driver:   32.0.15.6103
Initialize mono
Mono path[0] = 'C:/Program Files/Unity/Hub/Editor/2021.3.45f1/Editor/Data/Managed'
Mono path[1] = 'C:/Program Files/Unity/Hub/Editor/2021.3.45f1/Editor/Data/MonoBleedingEdge/lib/mono/unityjit-win32'
Mono config path = 'C:/Program Files/Unity/Hub/Editor/2021.3.45f1/Editor/Data/MonoBleedingEdge/etc'
Using monoOptions --debugger-agent=transport=dt_socket,embedding=1,server=y,suspend=n,address=127.0.0.1:56128
Begin MonoManager ReloadAssembly
Registering precompiled unity dll's ...
Register platform support module: C:/Program Files/Unity/Hub/Editor/2021.3.45f1/Editor/Data/PlaybackEngines/WindowsStandaloneSupport/UnityEditor.WindowsStandalone.Extensions.dll
Registered in 0.003749 seconds.
Native extension for WindowsStandalone target not found
Refreshing native plugins compatible for Editor in 62.55 ms, found 3 plugins.
Preloading 0 native plugins for Editor in 0.00 ms.
Mono: successfully reloaded assembly
- Completed reload, in  0.507 seconds
Domain Reload Profiling:
	ReloadAssembly (507ms)
		BeginReloadAssembly (76ms)
			ExecutionOrderSort (0ms)
			DisableScriptedObjects (0ms)
			BackupInstance (0ms)
			ReleaseScriptingObjects (0ms)
			CreateAndSetChildDomain (0ms)
		EndReloadAssembly (361ms)
			LoadAssemblies (75ms)
			RebuildTransferFunctionScriptingTraits (0ms)
			SetupTypeCache (78ms)
			ReleaseScriptCaches (0ms)
			RebuildScriptCaches (22ms)
			SetupLoadedEditorAssemblies (230ms)
				LogAssemblyErrors (0ms)
				InitializePlatformSupportModulesInManaged (5ms)
				SetLoadedEditorAssemblies (1ms)
				RefreshPlugins (63ms)
				BeforeProcessingInitializeOnLoad (2ms)
				ProcessInitializeOnLoadAttributes (122ms)
				ProcessInitializeOnLoadMethodAttributes (37ms)
				AfterProcessingInitializeOnLoad (0ms)
				EditorAssembliesLoaded (0ms)
			ExecutionOrderSort2 (0ms)
			AwakeInstancesAfterBackupRestoration (0ms)
Platform modules already initialized, skipping
Registering precompiled user dll's ...
Registered in 1.748940 seconds.
Begin MonoManager ReloadAssembly
Native extension for WindowsStandalone target not found
Refreshing native plugins compatible for Editor in 0.61 ms, found 3 plugins.
Preloading 0 native plugins for Editor in 0.00 ms.
Package Manager log level set to [2]
[Package Manager] Server::EnsureServerProcessIsRunning -- launch failed, reason: Unity was launched with the -noUpm command-line argument
[Package Manager] Cannot connect to Unity Package Manager local server
Mono: successfully reloaded assembly
- Completed reload, in  1.376 seconds
Domain Reload Profiling:
	ReloadAssembly (1377ms)
		BeginReloadAssembly (99ms)
			ExecutionOrderSort (0ms)
			DisableScriptedObjects (4ms)
			BackupInstance (0ms)
			ReleaseScriptingObjects (0ms)
			CreateAndSetChildDomain (17ms)
		EndReloadAssembly (1183ms)
			LoadAssemblies (118ms)
			RebuildTransferFunctionScriptingTraits (0ms)
			SetupTypeCache (231ms)
			ReleaseScriptCaches (0ms)
			RebuildScriptCaches (43ms)
			SetupLoadedEditorAssemblies (780ms)
				LogAssemblyErrors (0ms)
				InitializePlatformSupportModulesInManaged (4ms)
				SetLoadedEditorAssemblies (0ms)
				RefreshPlugins (1ms)
				BeforeProcessingInitializeOnLoad (43ms)
				ProcessInitializeOnLoadAttributes (710ms)
				ProcessInitializeOnLoadMethodAttributes (17ms)
				AfterProcessingInitializeOnLoad (5ms)
				EditorAssembliesLoaded (0ms)
			ExecutionOrderSort2 (0ms)
			AwakeInstancesAfterBackupRestoration (4ms)
Platform modules already initialized, skipping
========================================================================
Worker process is ready to serve import requests
Launched and connected shader compiler UnityShaderCompiler.exe after 0.19 seconds
Refreshing native plugins compatible for Editor in 0.53 ms, found 3 plugins.
Preloading 0 native plugins for Editor in 0.00 ms.
Unloading 3210 Unused Serialized files (Serialized files now loaded: 0)
Unloading 24 unused Assets / (47.0 KB). Loaded Objects now: 3672.
Memory consumption went from 115.0 MB to 114.9 MB.
Total: 2.333600 ms (FindLiveObjects: 0.183800 ms CreateObjectMapping: 0.065300 ms MarkObjects: 1.998500 ms  DeleteObjects: 0.084800 ms)

AssetImportParameters requested are different than current active one (requested -> active):
  custom:video-decoder-ogg-theora: a1e56fd34408186e4bbccfd4996cb3dc -> 
  custom:container-muxer-webm: aa71ff27fc2769a1b78a27578f13a17b -> 
  custom:container-demuxer-webm: 4f35f7cbe854078d1ac9338744f61a02 -> 
  custom:video-encoder-webm-vp8: eb34c28f22e8b96e1ab97ce403110664 -> 
  custom:video-codec-MediaFoundation-h265: 746d11721c4dcdbdad8f713fa42b33f4 -> 
  custom:CustomObjectIndexerAttribute: bc11b3a6c3213fcdd17b65e7da85e133 -> 
  custom:audio-encoder-webm-vorbis: bf7c407c2cedff20999df2af8eb42d56 -> 
  custom:framework-win-MediaFoundation: 216162199b28c13a410421893ffa2e32 -> 
  custom:SearchIndexIgnoredProperties: e643bd26f0fe6173181afceb89e7c659 -> 
  custom:container-demuxer-ogg: 62fdf1f143b41e24485cea50d1cbac27 -> 
  custom:video-decoder-webm-vp8: 9c59270c3fd7afecdb556c50c9e8de78 -> 
  custom:audio-decoder-ogg-vorbis: bf7c407c2cedff20999df2af8eb42d56 -> 
========================================================================
Received Import Request.
  Time since last request: 1171570.312140 seconds.
  path: Assets/Hovl Studio/Magic effects pack/Materials/Crack.mat
  artifactKey: Guid(d8bfd8e382dd58d4c8367e59434e8dd6) Importer(815301076,1909f56bfc062723c751e8b465ee728b)
Number of updated assets reloaded before import = 0
Start importing Assets/Hovl Studio/Magic effects pack/Materials/Crack.mat using Guid(d8bfd8e382dd58d4c8367e59434e8dd6) Importer(815301076,1909f56bfc062723c751e8b465ee728b)  -> (artifact id: '1804793c2b3c29c5f5f7781cd0c72b54') in 0.214315 seconds 
Number of asset objects unloaded after import = 2
========================================================================
Received Import Request.
  Time since last request: 0.000035 seconds.
  path: Assets/Hovl Studio/Magic effects pack/Materials/Flash.mat
  artifactKey: Guid(db3488de871721d4f83250ff2af716b7) Importer(815301076,1909f56bfc062723c751e8b465ee728b)
Number of updated assets reloaded before import = 0
Start importing Assets/Hovl Studio/Magic effects pack/Materials/Flash.mat using Guid(db3488de871721d4f83250ff2af716b7) Importer(815301076,1909f56bfc062723c751e8b465ee728b)  -> (artifact id: 'ef38d5ab34c4adfd819e41bfcdb1b778') in 0.052756 seconds 
Number of asset objects unloaded after import = 2
========================================================================
Received Import Request.
  Time since last request: 0.000036 seconds.
  path: Assets/Hovl Studio/Magic effects pack/Materials/Snowflake.mat
  artifactKey: Guid(110e8ef5ba5275f4c864c6b5190c7891) Importer(815301076,1909f56bfc062723c751e8b465ee728b)
Number of updated assets reloaded before import = 0
Start importing Assets/Hovl Studio/Magic effects pack/Materials/Snowflake.mat using Guid(110e8ef5ba5275f4c864c6b5190c7891) Importer(815301076,1909f56bfc062723c751e8b465ee728b)  -> (artifact id: 'e95fe4b7dddac57b380d5a77b5f0782d') in 0.062086 seconds 
Number of asset objects unloaded after import = 2
========================================================================
Received Import Request.
  Time since last request: 0.000017 seconds.
  path: Assets/Hovl Studio/Magic effects pack/Materials/Slash.mat
  artifactKey: Guid(8b3cc142b0783eb40be02cde5b31ca6a) Importer(815301076,1909f56bfc062723c751e8b465ee728b)
Number of updated assets reloaded before import = 0
Start importing Assets/Hovl Studio/Magic effects pack/Materials/Slash.mat using Guid(8b3cc142b0783eb40be02cde5b31ca6a) Importer(815301076,1909f56bfc062723c751e8b465ee728b)  -> (artifact id: '67191e72cc3ba8013783d6a824d23da3') in 0.045395 seconds 
Number of asset objects unloaded after import = 2
========================================================================
Received Import Request.
  Time since last request: 0.000015 seconds.
  path: Assets/Hovl Studio/Magic effects pack/Materials/Gradient.mat
  artifactKey: Guid(2ae196836e3f6ce438e93e246a6ab900) Importer(815301076,1909f56bfc062723c751e8b465ee728b)
Number of updated assets reloaded before import = 0
Start importing Assets/Hovl Studio/Magic effects pack/Materials/Gradient.mat using Guid(2ae196836e3f6ce438e93e246a6ab900) Importer(815301076,1909f56bfc062723c751e8b465ee728b)  -> (artifact id: '44daf01cde0b88d2fecec943d85ec0ba') in 0.051782 seconds 
Number of asset objects unloaded after import = 2
========================================================================
Received Import Request.
  Time since last request: 0.000019 seconds.
  path: Assets/Hovl Studio/Magic effects pack/Materials/Point.mat
  artifactKey: Guid(e546d2d7171981b468cf29388d902e99) Importer(815301076,1909f56bfc062723c751e8b465ee728b)
Number of updated assets reloaded before import = 0
Start importing Assets/Hovl Studio/Magic effects pack/Materials/Point.mat using Guid(e546d2d7171981b468cf29388d902e99) Importer(815301076,1909f56bfc062723c751e8b465ee728b)  -> (artifact id: 'bf52a1ced1cfd64f76c64d8178ac75b6') in 0.049963 seconds 
Number of asset objects unloaded after import = 2
========================================================================
Received Import Request.
  Time since last request: 11.344909 seconds.
  path: Assets/Hovl Studio/Magic effects pack/Textures/Concrete slab.png
  artifactKey: Guid(1b13dc101cf2ac7418019fd776161658) Importer(815301076,1909f56bfc062723c751e8b465ee728b)
Number of updated assets reloaded before import = 0
Start importing Assets/Hovl Studio/Magic effects pack/Textures/Concrete slab.png using Guid(1b13dc101cf2ac7418019fd776161658) Importer(815301076,1909f56bfc062723c751e8b465ee728b)  -> (artifact id: 'bfe850bda49ac2daa8595e4faa749868') in 0.072212 seconds 
Number of asset objects unloaded after import = 2
========================================================================
Received Import Request.
  Time since last request: 0.000018 seconds.
  path: Assets/Hovl Studio/Magic effects pack/Textures/Flash.png
  artifactKey: Guid(497534591604c9c40922a9ea2ef833b2) Importer(815301076,1909f56bfc062723c751e8b465ee728b)
Number of updated assets reloaded before import = 0
Start importing Assets/Hovl Studio/Magic effects pack/Textures/Flash.png using Guid(497534591604c9c40922a9ea2ef833b2) Importer(815301076,1909f56bfc062723c751e8b465ee728b)  -> (artifact id: '7078b5d2a289cad2e0d8a48c0b206add') in 0.027279 seconds 
Number of asset objects unloaded after import = 2
========================================================================
Received Import Request.
  Time since last request: 0.000023 seconds.
  path: Assets/Hovl Studio/Magic effects pack/Textures/Slash.png
  artifactKey: Guid(52eef6aa133a854489e620987374b364) Importer(815301076,1909f56bfc062723c751e8b465ee728b)
Number of updated assets reloaded before import = 0
Start importing Assets/Hovl Studio/Magic effects pack/Textures/Slash.png using Guid(52eef6aa133a854489e620987374b364) Importer(815301076,1909f56bfc062723c751e8b465ee728b)  -> (artifact id: '686d271d32c7a2c95cb546352c4de1ee') in 0.020494 seconds 
Number of asset objects unloaded after import = 2
========================================================================
Received Import Request.
  Time since last request: 0.000021 seconds.
  path: Assets/Hovl Studio/Magic effects pack/Textures/Splat.png
  artifactKey: Guid(00282aad0def9f942a895c41d7389b8b) Importer(815301076,1909f56bfc062723c751e8b465ee728b)
Number of updated assets reloaded before import = 0
Start importing Assets/Hovl Studio/Magic effects pack/Textures/Splat.png using Guid(00282aad0def9f942a895c41d7389b8b) Importer(815301076,1909f56bfc062723c751e8b465ee728b)  -> (artifact id: '60f698a6fa43117901dd2d270d281214') in 0.053246 seconds 
Number of asset objects unloaded after import = 2
========================================================================
Received Import Request.
  Time since last request: 0.000039 seconds.
  path: Assets/Hovl Studio/Magic effects pack/Textures/Smoke26.png
  artifactKey: Guid(08b3912bdc0a5ed4d9a27125425a97f4) Importer(815301076,1909f56bfc062723c751e8b465ee728b)
Number of updated assets reloaded before import = 0
Start importing Assets/Hovl Studio/Magic effects pack/Textures/Smoke26.png using Guid(08b3912bdc0a5ed4d9a27125425a97f4) Importer(815301076,1909f56bfc062723c751e8b465ee728b)  -> (artifact id: '14fcd72675c77cd25dc1598acf3fa409') in 0.023653 seconds 
Number of asset objects unloaded after import = 2
========================================================================
Received Import Request.
  Time since last request: 13.935715 seconds.
  path: Assets/Hovl Studio/Magic effects pack/Prefabs/AoE effects/Meteors AOE.prefab
  artifactKey: Guid(3355f6bfa6db8b24281b827de929694c) Importer(815301076,1909f56bfc062723c751e8b465ee728b)
Number of updated assets reloaded before import = 0
Start importing Assets/Hovl Studio/Magic effects pack/Prefabs/AoE effects/Meteors AOE.prefab using Guid(3355f6bfa6db8b24281b827de929694c) Importer(815301076,1909f56bfc062723c751e8b465ee728b)  -> (artifact id: '22da8b91fd9b7840149a7118005e30cf') in 0.063616 seconds 
Number of asset objects unloaded after import = 47
========================================================================
Received Import Request.
  Time since last request: 43.025083 seconds.
  path: Assets/Hovl Studio/Magic effects pack/Prefabs/Character auras/Lightning aura.prefab
  artifactKey: Guid(4d9a3b35b3bc07649b697df7fb497b6d) Importer(815301076,1909f56bfc062723c751e8b465ee728b)
Number of updated assets reloaded before import = 0
Start importing Assets/Hovl Studio/Magic effects pack/Prefabs/Character auras/Lightning aura.prefab using Guid(4d9a3b35b3bc07649b697df7fb497b6d) Importer(815301076,1909f56bfc062723c751e8b465ee728b)  -> (artifact id: '4c533930ef1872e4dbc243f9303cd312') in 0.034231 seconds 
Number of asset objects unloaded after import = 20
Editor requested this worker to shutdown with reason: Scaling down because of idle timeout
AssetImportWorker is now disconnected from the server
Process exiting
Exiting without the bug reporter. Application will terminate with return code 0